<?xml version="1.0" encoding="UTF-8"?>
<!-- Generated by org.testng.reporters.JUnitReportReporter -->
<testsuite skipped="0" hostname="MacBook-Air.local" name="DevigetChallenge" tests="1" failures="0" timestamp="2020-01-10T12:45:57 ART" time="22.171" errors="0">
  <testcase name="devigetChallengeTest" time="22.171" classname="DevigetChallenge"/>
</testsuite> <!-- DevigetChallenge -->
